['./MaxGang.py', '20', '.65']
[1 0 0 0 0 0 0 0 0 0 0 0 0 0 0 0 0 0 0 0]
[1 1 0 0 0 0 0 0 0 0 0 0 0 0 0 0 0 0 0 0]
[1 0 1 0 0 0 0 0 0 0 0 0 0 0 0 0 0 0 0 0]
[1 1 1 1 0 0 0 0 0 0 0 0 0 0 0 0 0 0 0 0]
[0 1 1 1 1 0 0 0 0 0 0 0 0 0 0 0 0 0 0 0]
[1 1 0 1 1 1 0 0 0 0 0 0 0 0 0 0 0 0 0 0]
[0 1 0 1 0 0 1 0 0 0 0 0 0 0 0 0 0 0 0 0]
[1 1 1 1 1 1 1 1 0 0 0 0 0 0 0 0 0 0 0 0]
[1 1 1 1 1 1 1 1 1 0 0 0 0 0 0 0 0 0 0 0]
[1 0 1 0 1 1 1 0 1 1 0 0 0 0 0 0 0 0 0 0]
[1 1 1 1 1 1 0 1 1 1 1 0 0 0 0 0 0 0 0 0]
[1 1 0 1 0 0 1 0 1 0 0 1 0 0 0 0 0 0 0 0]
[1 0 0 1 1 0 1 1 1 1 1 1 1 0 0 0 0 0 0 0]
[1 0 1 1 1 1 1 1 1 1 1 1 1 1 0 0 0 0 0 0]
[1 1 1 1 0 1 0 1 1 0 1 0 1 1 1 0 0 0 0 0]
[0 1 1 1 1 1 1 1 0 0 1 1 1 1 1 1 0 0 0 0]
[0 1 0 1 1 1 1 1 0 1 1 0 0 1 1 1 1 0 0 0]
[1 0 1 0 1 0 0 1 1 0 1 0 1 0 1 1 1 1 0 0]
[0 1 1 1 1 1 1 0 1 0 1 1 0 0 1 1 1 1 1 0]
[0 0 1 1 1 0 1 1 0 1 1 1 1 0 1 1 0 0 1 1]
[0, 3, 5, 7, 8, 10, 13, 14]
